<?xml version="1.0" encoding="UTF-8"?>
<!-- Generated by org.testng.reporters.JUnitXMLReporter -->
<testsuite hostname="PC201408221627" tests="2" failures="2" timestamp="2 Sep 2018 15:01:15 GMT" time="204.789" errors="0">
  <testcase name="testName" time="40.454" classname="LoginTest">
    <failure type="java.lang.AssertionError" message="null">
      <![CDATA[java.lang.AssertionError: null
	at LoginTest.testName(LoginTest.java:21)
... Removed 30 stack frames]]>
    </failure>
  </testcase> <!-- testName -->
  <testcase name="testName" time="28.76" classname="LoginTest">
    <failure type="org.openqa.selenium.TimeoutException" message="Expected condition failed: waiting for visibility of element located by By.id: net.oschina.app:id/iv_portrait (tried for 20 second(s) with 500 milliseconds interval)">
      <![CDATA[org.openqa.selenium.TimeoutException: Expected condition failed: waiting for visibility of element located by By.id: net.oschina.app:id/iv_portrait (tried for 20 second(s) with 500 milliseconds interval)
	at org.openqa.selenium.support.ui.WebDriverWait.timeoutException(WebDriverWait.java:81)
	at org.openqa.selenium.support.ui.FluentWait.until(FluentWait.java:271)
	at UiHelper.waitForElement(UiHelper.java:48)
	at UiHelper.findId(UiHelper.java:23)
	at PageLogin.initViews(PageLogin.java:15)
	at PageManager.getPageLogin(PageManager.java:31)
	at LoginTest.testName(LoginTest.java:17)
Caused by: org.openqa.selenium.NoSuchElementException: Cannot locate an element using By.id: net.oschina.app:id/iv_portrait
For documentation on this error, please visit: http://seleniumhq.org/exceptions/no_such_element.html
Build info: version: '3.12.0', revision: '7c6e0b3', time: '2018-05-08T14:04:26.12Z'
System info: host: 'PC201408221627', ip: '169.254.220.2', os.name: 'Windows 7', os.arch: 'amd64', os.version: '6.1', java.version: '1.8.0_102'
Driver info: driver.version: unknown
	at org.openqa.selenium.support.ui.ExpectedConditions.lambda$findElement$0(ExpectedConditions.java:896)
	at java.util.Optional.orElseThrow(Optional.java:290)
	at org.openqa.selenium.support.ui.ExpectedConditions.findElement(ExpectedConditions.java:895)
	at org.openqa.selenium.support.ui.ExpectedConditions.access$000(ExpectedConditions.java:44)
	at org.openqa.selenium.support.ui.ExpectedConditions$7.apply(ExpectedConditions.java:206)
	at org.openqa.selenium.support.ui.ExpectedConditions$7.apply(ExpectedConditions.java:202)
	at org.openqa.selenium.support.ui.FluentWait.until(FluentWait.java:248)
	... 32 more
... Removed 27 stack frames]]>
    </failure>
  </testcase> <!-- testName -->
</testsuite>
